[2012-12-30 22:16:01,765-machine_info.py:48-47745410842864]-[[[get machine_info -->: mem: 32940892]]]
[2012-12-30 22:16:22,020-machine_info.py:48-47382952263920]-[[[get machine_info -->: mem: 32940892]]]
[2012-12-30 22:18:05,478-machine_info.py:48-46931913662704]-[[[get machine_info -->: mem: 32940892,cpu: 2,uptime 22:18:05 up 25 days,kernel: 2.6.18-164.11.1.el5,os_type: x86_64]]]
[2012-12-30 22:44:07,578-machine_info.py:44-47931605430512]-[[[get machine_info -->: mem: 32940892,cpu: 2,uptime 22:44:07 up 25 days,kernel: 2.6.18-164.11.1.el5,os_type: x86_64]]]
[2012-12-30 22:48:50,960-machine_info.py:44-47930616520944]-[[[get machine_info -->: mem: 32940892,cpu: 2,uptime 22:48:50 up 25 days,kernel: 2.6.18-164.11.1.el5,os_type: x86_64]]]
[2013-01-01 11:23:34,384-create_history_data.py:32-47143658090736]-[[[data file is exist]]]
[2013-01-01 11:23:35,139-create_history_data.py:32-47048935420144]-[[[data file is exist]]]
[2013-01-01 11:23:35,720-create_history_data.py:32-47525697368304]-[[[data file is exist]]]
[2013-01-01 13:56:25,360-create_history_data.py:34-47403293581552]-[[[data file is exist]]]
[2013-01-01 13:57:21,578-create_history_data.py:34-47817301889264]-[[[data file is exist]]]
[2013-01-01 13:58:28,110-create_history_data.py:34-47170056405232]-[[[data file is exist]]]
[2013-01-01 13:58:29,223-create_history_data.py:34-47576633491696]-[[[data file is exist]]]
[2013-01-01 13:58:29,836-create_history_data.py:34-47525642109168]-[[[data file is exist]]]
[2013-01-01 14:11:31,813-create_history_data.py:35-47365606830320]-[[[data file is exist]]]
[2013-01-01 14:11:32,333-create_history_data.py:50-47365606830320]-[[[get the time to line 23:59:288]]]
[2013-01-01 14:12:43,847-create_history_data.py:35-47881782669552]-[[[data file is exist]]]
[2013-01-01 14:12:44,370-create_history_data.py:50-47881782669552]-[[[get the time to line 23:59:288]]]
[2013-01-01 14:19:58,912-create_history_data.py:35-47180529918192]-[[[data file is exist]]]
[2013-01-01 14:20:49,438-create_history_data.py:35-47650076639472]-[[[data file is exist]]]
[2013-01-01 14:20:49,958-create_history_data.py:50-47650076639472]-[[[get the time to line 23:59:288]]]
[2013-01-01 14:22:04,268-create_history_data.py:35-47574595301616]-[[[data file is exist]]]
[2013-01-01 14:22:04,788-create_history_data.py:64-47574595301616]-[[[get machine info -->: ('mem_usage:%s,cpu_usage:%s', '32684004', '0.6')]]]
[2013-01-01 14:22:04,788-create_history_data.py:50-47574595301616]-[[[get the time to line 23:59:288]]]
[2013-01-01 14:25:05,386-create_history_data.py:35-47440453288176]-[[[data file is exist]]]
[2013-01-01 14:25:05,905-create_history_data.py:64-47440453288176]-[[[get machine info -->: mem_usage:32685184,cpu_usage:0.6]]]
[2013-01-01 14:25:05,905-create_history_data.py:50-47440453288176]-[[[get the time to line 23:59:288]]]
[2013-01-01 14:25:10,305-create_history_data.py:35-47702864060656]-[[[data file is exist]]]
[2013-01-01 14:25:10,825-create_history_data.py:64-47702864060656]-[[[get machine info -->: mem_usage:32680900,cpu_usage:0.6]]]
[2013-01-01 14:25:10,825-create_history_data.py:50-47702864060656]-[[[get the time to line 23:59:288]]]
[2013-01-01 14:25:11,544-create_history_data.py:35-47354947064048]-[[[data file is exist]]]
[2013-01-01 14:25:12,064-create_history_data.py:64-47354947064048]-[[[get machine info -->: mem_usage:32683352,cpu_usage:0.6]]]
[2013-01-01 14:25:12,064-create_history_data.py:50-47354947064048]-[[[get the time to line 23:59:288]]]
[2013-01-01 14:25:12,801-create_history_data.py:35-47370096562416]-[[[data file is exist]]]
[2013-01-01 14:25:13,322-create_history_data.py:64-47370096562416]-[[[get machine info -->: mem_usage:32683120,cpu_usage:0.6]]]
[2013-01-01 14:25:13,322-create_history_data.py:50-47370096562416]-[[[get the time to line 23:59:288]]]
[2013-01-01 14:25:54,456-create_history_data.py:35-47292999934192]-[[[data file is exist]]]
[2013-01-01 14:25:54,976-create_history_data.py:64-47292999934192]-[[[get machine info -->: mem_usage:32684920,cpu_usage:0.6]]]
[2013-01-01 14:25:54,976-create_history_data.py:50-47292999934192]-[[[get the time to line 23:59:288]]]
[2013-01-01 14:26:41,621-create_history_data.py:35-47971162484976]-[[[data file is exist]]]
[2013-01-01 14:26:42,140-create_history_data.py:64-47971162484976]-[[[get machine info -->: mem_usage:32682812,cpu_usage:0.6]]]
[2013-01-01 14:26:42,140-create_history_data.py:50-47971162484976]-[[[get the time to line 23:59:288]]]
[2013-01-01 14:28:49,554-create_history_data.py:35-47403889291504]-[[[data file is exist]]]
[2013-01-01 14:28:50,074-create_history_data.py:64-47403889291504]-[[[get machine info -->: mem_usage:32681732,cpu_usage:0.6]]]
[2013-01-01 14:28:50,074-create_history_data.py:50-47403889291504]-[[[get the time to line 23:58:288]]]
[2013-01-01 14:28:52,209-create_history_data.py:35-47667327570160]-[[[data file is exist]]]
[2013-01-01 14:28:52,729-create_history_data.py:64-47667327570160]-[[[get machine info -->: mem_usage:32684416,cpu_usage:0.6]]]
[2013-01-01 14:28:52,729-create_history_data.py:50-47667327570160]-[[[get the time to line 23:58:288]]]
[2013-01-01 14:29:34,086-create_history_data.py:35-47607088091376]-[[[data file is exist]]]
[2013-01-01 14:29:34,607-create_history_data.py:64-47607088091376]-[[[get machine info -->: mem_usage:32685516,cpu_usage:0.6]]]
[2013-01-01 14:29:34,607-create_history_data.py:50-47607088091376]-[[[get the time to line 23:40:285]]]
[2013-01-01 14:50:00,836-create_history_data.py:63-47050769506544]-[[[get machine info -->: mem_usage:32674872,cpu_usage:0.6]]]
[2013-01-01 18:21:40,523-create_history_data.py:63-47761941070064]-[[[get machine info -->: mem_usage:32678996,cpu_usage:0.6]]]
[2013-01-01 18:22:38,221-create_history_data.py:64-47034093461744]-[[[get machine info -->: mem_usage:32681128,cpu_usage:0.6]]]
[2013-01-01 18:25:50,223-create_history_data.py:64-47757424337136]-[[[get machine info -->: mem_usage:32683780,cpu_usage:0.6]]]
[2013-01-01 18:25:50,224-create_history_data.py:51-47757424337136]-[[[get the time to line 18:25:222]]]
[2013-01-01 18:25:50,748-create_history_data.py:64-47757424337136]-[[[get machine info -->: mem_usage:32683660,cpu_usage:0.6]]]
[2013-01-01 18:40:01,549-create_history_data.py:64-47714456338672]-[[[get machine info -->: mem_usage:32682252,cpu_usage:0.6]]]
[2013-01-01 18:40:01,549-create_history_data.py:51-47714456338672]-[[[get the time to line 18:40:225]]]
[2013-01-01 18:45:01,569-create_history_data.py:35-47714456338672]-[[[data file is exist]]]
[2013-01-01 18:45:02,090-create_history_data.py:64-47714456338672]-[[[get machine info -->: mem_usage:32685428,cpu_usage:0.6]]]
[2013-01-01 18:45:02,090-create_history_data.py:51-47714456338672]-[[[get the time to line 18:45:226]]]
[2013-01-01 18:50:02,106-create_history_data.py:35-47714456338672]-[[[data file is exist]]]
[2013-01-01 18:50:02,626-create_history_data.py:64-47714456338672]-[[[get machine info -->: mem_usage:32685212,cpu_usage:0.6]]]
[2013-01-01 18:50:02,626-create_history_data.py:51-47714456338672]-[[[get the time to line 18:50:227]]]
[2013-01-01 18:55:02,649-create_history_data.py:35-47714456338672]-[[[data file is exist]]]
[2013-01-01 18:55:03,169-create_history_data.py:64-47714456338672]-[[[get machine info -->: mem_usage:32681724,cpu_usage:0.6]]]
[2013-01-01 18:55:03,169-create_history_data.py:51-47714456338672]-[[[get the time to line 18:55:228]]]
[2013-01-01 19:00:00,186-create_history_data.py:35-47714456338672]-[[[data file is exist]]]
[2013-01-01 19:00:00,706-create_history_data.py:64-47714456338672]-[[[get machine info -->: mem_usage:32680536,cpu_usage:0.6]]]
[2013-01-01 19:00:00,706-create_history_data.py:51-47714456338672]-[[[get the time to line 19:00:229]]]
[2013-01-01 19:05:00,723-create_history_data.py:35-47714456338672]-[[[data file is exist]]]
[2013-01-01 19:05:01,242-create_history_data.py:64-47714456338672]-[[[get machine info -->: mem_usage:32681560,cpu_usage:0.6]]]
[2013-01-01 19:05:01,243-create_history_data.py:51-47714456338672]-[[[get the time to line 19:05:230]]]
[2013-01-01 19:10:01,266-create_history_data.py:35-47714456338672]-[[[data file is exist]]]
[2013-01-01 19:10:01,786-create_history_data.py:64-47714456338672]-[[[get machine info -->: mem_usage:32684312,cpu_usage:0.6]]]
[2013-01-01 19:10:01,786-create_history_data.py:51-47714456338672]-[[[get the time to line 19:10:231]]]
[2013-01-01 19:15:01,802-create_history_data.py:35-47714456338672]-[[[data file is exist]]]
[2013-01-01 19:15:02,326-create_history_data.py:64-47714456338672]-[[[get machine info -->: mem_usage:32683124,cpu_usage:0.6]]]
[2013-01-01 19:15:02,326-create_history_data.py:51-47714456338672]-[[[get the time to line 19:15:232]]]
[2013-01-01 19:20:02,350-create_history_data.py:35-47714456338672]-[[[data file is exist]]]
[2013-01-01 19:20:02,870-create_history_data.py:64-47714456338672]-[[[get machine info -->: mem_usage:32681896,cpu_usage:0.6]]]
[2013-01-01 19:20:02,870-create_history_data.py:51-47714456338672]-[[[get the time to line 19:20:233]]]
[2013-01-01 19:25:02,887-create_history_data.py:35-47714456338672]-[[[data file is exist]]]
[2013-01-01 19:25:03,407-create_history_data.py:64-47714456338672]-[[[get machine info -->: mem_usage:32684384,cpu_usage:0.6]]]
[2013-01-01 19:25:03,407-create_history_data.py:51-47714456338672]-[[[get the time to line 19:25:234]]]
[2013-01-01 19:30:00,427-create_history_data.py:35-47714456338672]-[[[data file is exist]]]
[2013-01-01 19:30:00,948-create_history_data.py:64-47714456338672]-[[[get machine info -->: mem_usage:32679528,cpu_usage:0.6]]]
[2013-01-01 19:30:00,948-create_history_data.py:51-47714456338672]-[[[get the time to line 19:30:235]]]
[2013-01-01 19:35:00,969-create_history_data.py:35-47714456338672]-[[[data file is exist]]]
[2013-01-01 19:35:01,489-create_history_data.py:64-47714456338672]-[[[get machine info -->: mem_usage:32684656,cpu_usage:0.6]]]
[2013-01-01 19:35:01,489-create_history_data.py:51-47714456338672]-[[[get the time to line 19:35:236]]]
[2013-01-01 19:40:01,506-create_history_data.py:35-47714456338672]-[[[data file is exist]]]
[2013-01-01 19:40:02,027-create_history_data.py:64-47714456338672]-[[[get machine info -->: mem_usage:32684412,cpu_usage:0.6]]]
[2013-01-01 19:40:02,028-create_history_data.py:51-47714456338672]-[[[get the time to line 19:40:237]]]
[2013-01-01 19:45:02,157-create_history_data.py:35-47714456338672]-[[[data file is exist]]]
[2013-01-01 19:45:02,678-create_history_data.py:64-47714456338672]-[[[get machine info -->: mem_usage:32681984,cpu_usage:0.6]]]
[2013-01-01 19:45:02,679-create_history_data.py:51-47714456338672]-[[[get the time to line 19:45:238]]]
[2013-01-01 19:50:02,698-create_history_data.py:35-47714456338672]-[[[data file is exist]]]
[2013-01-01 19:50:03,219-create_history_data.py:64-47714456338672]-[[[get machine info -->: mem_usage:32679724,cpu_usage:0.6]]]
[2013-01-01 19:50:03,219-create_history_data.py:51-47714456338672]-[[[get the time to line 19:50:239]]]
[2013-01-01 19:55:00,249-create_history_data.py:35-47714456338672]-[[[data file is exist]]]
[2013-01-01 19:55:00,769-create_history_data.py:64-47714456338672]-[[[get machine info -->: mem_usage:32681820,cpu_usage:0.6]]]
[2013-01-01 19:55:00,770-create_history_data.py:51-47714456338672]-[[[get the time to line 19:55:240]]]
[2013-01-01 20:00:00,786-create_history_data.py:35-47714456338672]-[[[data file is exist]]]
[2013-01-01 20:00:01,307-create_history_data.py:64-47714456338672]-[[[get machine info -->: mem_usage:32679524,cpu_usage:0.6]]]
[2013-01-01 20:00:01,307-create_history_data.py:51-47714456338672]-[[[get the time to line 20:00:241]]]
[2013-01-01 20:05:01,328-create_history_data.py:35-47714456338672]-[[[data file is exist]]]
[2013-01-01 20:05:01,850-create_history_data.py:64-47714456338672]-[[[get machine info -->: mem_usage:32681788,cpu_usage:0.6]]]
[2013-01-01 20:05:01,850-create_history_data.py:51-47714456338672]-[[[get the time to line 20:05:242]]]
[2013-01-02 12:48:53,652-create_history_data.py:35-47432324432112]-[[[data file is exist]]]
[2013-01-02 12:48:54,172-create_history_data.py:64-47432324432112]-[[[get machine info -->: mem_usage:32654216,cpu_usage:0.6]]]
[2013-01-02 12:48:54,173-create_history_data.py:51-47432324432112]-[[[get the time to line 23:40:285]]]
[2013-01-02 12:49:37,930-create_history_data.py:35-46998578188528]-[[[data file is exist]]]
[2013-01-02 12:49:38,450-create_history_data.py:64-46998578188528]-[[[get machine info -->: mem_usage:32646912,cpu_usage:0.6]]]
[2013-01-02 12:49:38,450-create_history_data.py:51-46998578188528]-[[[get the time to line 23:40:285]]]
[2013-01-02 12:50:32,502-create_history_data.py:35-47903677587696]-[[[data file is exist]]]
[2013-01-02 12:50:33,023-create_history_data.py:64-47903677587696]-[[[get machine info -->: mem_usage:32648984,cpu_usage:0.6]]]
[2013-01-02 12:50:33,023-create_history_data.py:51-47903677587696]-[[[get the time to line 12:50:155]]]
[2013-01-02 12:55:00,047-create_history_data.py:35-47903677587696]-[[[data file is exist]]]
[2013-01-02 12:55:00,568-create_history_data.py:64-47903677587696]-[[[get machine info -->: mem_usage:32652064,cpu_usage:0.6]]]
[2013-01-02 12:55:00,569-create_history_data.py:51-47903677587696]-[[[get the time to line 12:55:156]]]
[2013-01-02 13:00:00,187-create_history_data.py:35-47023204577520]-[[[data file is exist]]]
[2013-01-02 13:00:00,708-create_history_data.py:64-47023204577520]-[[[get machine info -->: mem_usage:32649628,cpu_usage:0.6]]]
[2013-01-02 13:00:00,708-create_history_data.py:51-47023204577520]-[[[get the time to line 13:00:157]]]
[2013-01-02 13:05:00,727-create_history_data.py:35-47023204577520]-[[[data file is exist]]]
[2013-01-02 13:05:01,246-create_history_data.py:64-47023204577520]-[[[get machine info -->: mem_usage:32650716,cpu_usage:0.6]]]
[2013-01-02 13:05:01,247-create_history_data.py:51-47023204577520]-[[[get the time to line 13:05:158]]]
[2013-01-02 13:10:01,263-create_history_data.py:35-47023204577520]-[[[data file is exist]]]
[2013-01-02 13:10:01,783-create_history_data.py:64-47023204577520]-[[[get machine info -->: mem_usage:32649584,cpu_usage:0.6]]]
[2013-01-02 13:10:01,783-create_history_data.py:51-47023204577520]-[[[get the time to line 13:10:159]]]
[2013-01-02 13:15:01,869-create_history_data.py:35-47023204577520]-[[[data file is exist]]]
[2013-01-02 13:15:02,390-create_history_data.py:64-47023204577520]-[[[get machine info -->: mem_usage:32653608,cpu_usage:0.6]]]
[2013-01-02 13:15:02,390-create_history_data.py:51-47023204577520]-[[[get the time to line 13:15:160]]]
[2013-01-02 13:20:02,410-create_history_data.py:35-47023204577520]-[[[data file is exist]]]
[2013-01-02 13:20:02,930-create_history_data.py:64-47023204577520]-[[[get machine info -->: mem_usage:32653568,cpu_usage:0.6]]]
[2013-01-02 13:20:02,930-create_history_data.py:51-47023204577520]-[[[get the time to line 13:20:161]]]
[2013-01-02 13:25:02,952-create_history_data.py:35-47023204577520]-[[[data file is exist]]]
[2013-01-02 13:25:03,471-create_history_data.py:64-47023204577520]-[[[get machine info -->: mem_usage:32654608,cpu_usage:0.6]]]
[2013-01-02 13:25:03,471-create_history_data.py:51-47023204577520]-[[[get the time to line 13:25:162]]]
[2013-01-02 13:30:00,489-create_history_data.py:35-47023204577520]-[[[data file is exist]]]
[2013-01-02 13:30:01,010-create_history_data.py:64-47023204577520]-[[[get machine info -->: mem_usage:32654008,cpu_usage:0.6]]]
[2013-01-02 13:30:01,010-create_history_data.py:51-47023204577520]-[[[get the time to line 13:30:163]]]
[2013-01-02 15:00:01,180-create_history_data.py:35-47057004200176]-[[[data file is exist]]]
[2013-01-02 15:00:01,701-create_history_data.py:64-47057004200176]-[[[get machine info -->: mem_usage:32665740,cpu_usage:0.6]]]
[2013-01-02 15:00:01,701-create_history_data.py:51-47057004200176]-[[[get the time to line 15:00:181]]]
[2013-01-02 15:05:01,725-create_history_data.py:35-47057004200176]-[[[data file is exist]]]
[2013-01-02 15:05:02,246-create_history_data.py:64-47057004200176]-[[[get machine info -->: mem_usage:32666296,cpu_usage:0.6]]]
[2013-01-02 15:05:02,246-create_history_data.py:51-47057004200176]-[[[get the time to line 15:05:182]]]
[2013-01-02 15:10:02,262-create_history_data.py:35-47057004200176]-[[[data file is exist]]]
[2013-01-02 15:10:02,783-create_history_data.py:64-47057004200176]-[[[get machine info -->: mem_usage:32667320,cpu_usage:0.6]]]
[2013-01-02 15:10:02,784-create_history_data.py:51-47057004200176]-[[[get the time to line 15:10:183]]]
[2013-01-02 15:15:02,803-create_history_data.py:35-47057004200176]-[[[data file is exist]]]
[2013-01-02 15:15:03,324-create_history_data.py:64-47057004200176]-[[[get machine info -->: mem_usage:32665684,cpu_usage:0.6]]]
[2013-01-02 15:15:03,325-create_history_data.py:51-47057004200176]-[[[get the time to line 15:15:184]]]
[2013-01-02 15:20:00,346-create_history_data.py:35-47057004200176]-[[[data file is exist]]]
[2013-01-02 15:20:00,870-create_history_data.py:64-47057004200176]-[[[get machine info -->: mem_usage:32666156,cpu_usage:0.6]]]
[2013-01-02 15:20:00,870-create_history_data.py:51-47057004200176]-[[[get the time to line 15:20:185]]]
[2013-01-02 15:25:00,888-create_history_data.py:35-47057004200176]-[[[data file is exist]]]
[2013-01-02 21:49:51,581-get_history_data.py:84-46917342929136]-[[[./history_data/2013-01-03is not find ]]]
[2013-01-02 21:49:53,213-get_history_data.py:84-47250220441840]-[[[./history_data/2013-01-03is not find ]]]
[2013-01-02 22:45:07,302-create_history_data.py:35-47970621849840]-[[[data file is exist]]]
[2013-01-02 22:45:07,821-create_history_data.py:64-47970621849840]-[[[get machine info -->: mem_usage:32683640,cpu_usage:0.6]]]
[2013-01-02 22:45:07,822-create_history_data.py:51-47970621849840]-[[[get the time to line 22:45:274]]]
[2013-01-09 17:27:57,144-get_history_data.py:112-47893392257264]-[[[./history_data/2012-12-21is not find ]]]
[2013-01-09 17:29:51,454-get_history_data.py:112-47447668027632]-[[[./history_data/2012-01-01is not find ]]]
[2013-01-09 17:30:01,396-get_history_data.py:112-47184339103984]-[[[./history_data/2012-01-01is not find ]]]
[2013-01-09 17:30:02,835-get_history_data.py:112-47296105263344]-[[[./history_data/2012-01-01is not find ]]]
[2013-01-09 17:30:03,591-get_history_data.py:112-47794423767280]-[[[./history_data/2012-01-01is not find ]]]
[2013-01-09 17:30:04,307-get_history_data.py:112-47755479040240]-[[[./history_data/2012-01-01is not find ]]]
[2013-01-09 17:30:05,591-get_history_data.py:112-47254538010864]-[[[./history_data/2012-01-01is not find ]]]
[2013-01-09 17:30:06,368-get_history_data.py:112-47417721856240]-[[[./history_data/2012-01-01is not find ]]]
[2013-01-09 17:30:07,925-get_history_data.py:112-47537593258224]-[[[./history_data/2012-01-01is not find ]]]
[2013-01-09 17:30:08,654-get_history_data.py:112-47667367981296]-[[[./history_data/2012-01-01is not find ]]]
[2013-01-09 17:30:09,332-get_history_data.py:112-47069355278576]-[[[./history_data/2012-01-01is not find ]]]
[2013-01-09 17:30:09,932-get_history_data.py:112-47699740262640]-[[[./history_data/2012-01-01is not find ]]]
[2013-01-09 17:46:47,158-get_history_data.py:115-47705319256304]-[[[./history_data/2012-01-01is not find ]]]
